
GET /orders 2023-01-24T16:14:48.331Z
GET /contacts 2023-01-24T16:14:50.895Z
GET /books 2023-01-24T16:14:53.434Z
GET /books/123 2023-01-24T16:28:42.863Z
GET /books/123 2023-01-24T16:29:05.987Z
GET /books/123 2023-01-24T16:29:40.503Z
GET /books/123 2023-01-24T16:30:02.633Z
GET /books/123 2023-01-24T16:30:30.338Z
GET /books/123 2023-01-24T16:30:42.925Z
GET /books/123 2023-01-24T16:32:16.833Z
GET /books/YxhM4QDxPeA3SmPHcEZPJ 2023-01-24T16:33:04.247Z
GET /books/YxhM4QDxPeA3SmPHcEZPJ 2023-01-24T16:33:26.719Z
GET /books/YxhM4QDxPeA3SmPHcEZPJ 2023-01-24T16:34:14.718Z
GET /books/YxhM4QDxPeA3SmPHcEZPJ 2023-01-24T16:35:09.671Z
GET /books/YxhM4QDxPeA3SmPHcEZPJ 2023-01-24T16:35:27.587Z
GET /books/YxhM4QDxPeA3SmPHcEZPJ 2023-01-24T16:35:33.469Z
GET /books 2023-01-24T16:44:40.585Z
GET /books 2023-01-24T16:44:43.480Z
GET /books 2023-01-24T16:44:46.322Z
GET /books 2023-01-24T16:44:48.414Z
GET /books 2023-01-24T16:46:45.980Z
GET /books 2023-01-24T16:48:31.239Z
GET /books 2023-01-24T16:48:32.288Z
GET /books 2023-01-24T16:48:33.828Z
GET /books 2023-01-24T16:48:35.136Z
GET /books 2023-01-24T16:48:44.284Z
GET /books 2023-01-24T16:48:45.102Z
GET /books 2023-01-24T16:48:46.441Z
GET /books 2023-01-24T16:48:47.761Z
GET /books 2023-01-24T16:49:09.054Z
GET /books 2023-01-24T16:49:13.469Z
GET /books 2023-01-24T16:49:15.219Z
GET /books 2023-01-24T16:49:41.440Z
GET /books 2023-01-24T16:49:42.228Z
GET /books 2023-01-24T16:49:43.926Z
GET /books 2023-01-24T16:49:44.928Z
GET /books 2023-01-24T16:51:26.548Z
GET /books 2023-01-24T16:52:50.281Z
GET /books 2023-01-24T16:52:51.050Z